{"C:\\Users\\gbhuv\\Projects\\thecodingplatform\\apps\\server\\src\\app.ts": {"path":"C:\\Users\\gbhuv\\Projects\\thecodingplatform\\apps\\server\\src\\app.ts","statementMap":{"0":{"start":{"line":5,"column":6},"end":{"line":5,"column":null}},"1":{"start":{"line":7,"column":0},"end":{"line":7,"column":null}},"2":{"start":{"line":8,"column":0},"end":{"line":8,"column":null}},"3":{"start":{"line":10,"column":0},"end":{"line":10,"column":null}}},"fnMap":{},"branchMap":{},"s":{"0":1,"1":1,"2":1,"3":1},"f":{},"b":{},"meta":{"lastBranch":0,"lastFunction":0,"lastStatement":4,"seen":{"s:5:6:5:Infinity":0,"s:7:0:7:Infinity":1,"s:8:0:8:Infinity":2,"s:10:0:10:Infinity":3}}}
,"C:\\Users\\gbhuv\\Projects\\thecodingplatform\\apps\\server\\src\\routes\\health.route.ts": {"path":"C:\\Users\\gbhuv\\Projects\\thecodingplatform\\apps\\server\\src\\routes\\health.route.ts","statementMap":{"0":{"start":{"line":3,"column":6},"end":{"line":3,"column":null}},"1":{"start":{"line":5,"column":0},"end":{"line":7,"column":null}},"2":{"start":{"line":6,"column":4},"end":{"line":6,"column":null}},"3":{"start":{"line":9,"column":28},"end":{"line":9,"column":null}}},"fnMap":{"0":{"name":"(anonymous_0)","decl":{"start":{"line":5,"column":16},"end":{"line":5,"column":17}},"loc":{"start":{"line":5,"column":50},"end":{"line":7,"column":1}},"line":5}},"branchMap":{},"s":{"0":1,"1":1,"2":1,"3":1},"f":{"0":1},"b":{},"meta":{"lastBranch":0,"lastFunction":1,"lastStatement":4,"seen":{"s:3:6:3:Infinity":0,"s:5:0:7:Infinity":1,"f:5:16:5:17":0,"s:6:4:6:Infinity":2,"s:9:28:9:Infinity":3}}}
}
