{"C:\\Users\\gbhuv\\Projects\\thecodingplatform\\apps\\client\\src\\store.ts": {"path":"C:\\Users\\gbhuv\\Projects\\thecodingplatform\\apps\\client\\src\\store.ts","statementMap":{"0":{"start":{"line":19,"column":13},"end":{"line":32,"column":null}},"1":{"start":{"line":19,"column":51},"end":{"line":32,"column":2}},"2":{"start":{"line":26,"column":23},"end":{"line":26,"column":null}},"3":{"start":{"line":27,"column":33},"end":{"line":27,"column":null}},"4":{"start":{"line":28,"column":31},"end":{"line":28,"column":null}},"5":{"start":{"line":29,"column":21},"end":{"line":29,"column":null}},"6":{"start":{"line":29,"column":37},"end":{"line":29,"column":68}},"7":{"start":{"line":30,"column":21},"end":{"line":30,"column":null}},"8":{"start":{"line":31,"column":37},"end":{"line":31,"column":null}}},"fnMap":{"0":{"name":"(anonymous_0)","decl":{"start":{"line":19,"column":41},"end":{"line":19,"column":42}},"loc":{"start":{"line":19,"column":51},"end":{"line":32,"column":2}},"line":19},"1":{"name":"(anonymous_1)","decl":{"start":{"line":26,"column":13},"end":{"line":26,"column":14}},"loc":{"start":{"line":26,"column":23},"end":{"line":26,"column":null}},"line":26},"2":{"name":"(anonymous_2)","decl":{"start":{"line":27,"column":18},"end":{"line":27,"column":19}},"loc":{"start":{"line":27,"column":33},"end":{"line":27,"column":null}},"line":27},"3":{"name":"(anonymous_3)","decl":{"start":{"line":28,"column":17},"end":{"line":28,"column":18}},"loc":{"start":{"line":28,"column":31},"end":{"line":28,"column":null}},"line":28},"4":{"name":"(anonymous_4)","decl":{"start":{"line":29,"column":12},"end":{"line":29,"column":13}},"loc":{"start":{"line":29,"column":21},"end":{"line":29,"column":null}},"line":29},"5":{"name":"(anonymous_5)","decl":{"start":{"line":29,"column":25},"end":{"line":29,"column":26}},"loc":{"start":{"line":29,"column":37},"end":{"line":29,"column":68}},"line":29},"6":{"name":"(anonymous_6)","decl":{"start":{"line":30,"column":15},"end":{"line":30,"column":21}},"loc":{"start":{"line":30,"column":21},"end":{"line":30,"column":null}},"line":30},"7":{"name":"(anonymous_7)","decl":{"start":{"line":31,"column":20},"end":{"line":31,"column":21}},"loc":{"start":{"line":31,"column":37},"end":{"line":31,"column":null}},"line":31}},"branchMap":{},"s":{"0":2,"1":2,"2":1,"3":0,"4":1,"5":2,"6":2,"7":1,"8":1},"f":{"0":2,"1":1,"2":0,"3":1,"4":2,"5":2,"6":1,"7":1},"b":{},"meta":{"lastBranch":0,"lastFunction":8,"lastStatement":9,"seen":{"s:19:13:32:Infinity":0,"f:19:41:19:42":0,"s:19:51:32:2":1,"f:26:13:26:14":1,"s:26:23:26:Infinity":2,"f:27:18:27:19":2,"s:27:33:27:Infinity":3,"f:28:17:28:18":3,"s:28:31:28:Infinity":4,"f:29:12:29:13":4,"s:29:21:29:Infinity":5,"f:29:25:29:26":5,"s:29:37:29:68":6,"f:30:15:30:21":6,"s:30:21:30:Infinity":7,"f:31:20:31:21":7,"s:31:37:31:Infinity":8}}}
,"C:\\Users\\gbhuv\\Projects\\thecodingplatform\\apps\\client\\src\\components\\ActiveUsersPanel.tsx": {"path":"C:\\Users\\gbhuv\\Projects\\thecodingplatform\\apps\\client\\src\\components\\ActiveUsersPanel.tsx","statementMap":{"0":{"start":{"line":6,"column":42},"end":{"line":55,"column":null}},"1":{"start":{"line":7,"column":24},"end":{"line":7,"column":null}},"2":{"start":{"line":8,"column":26},"end":{"line":8,"column":null}},"3":{"start":{"line":11,"column":4},"end":{"line":14,"column":null}},"4":{"start":{"line":12,"column":25},"end":{"line":12,"column":null}},"5":{"start":{"line":12,"column":43},"end":{"line":12,"column":63}},"6":{"start":{"line":13,"column":8},"end":{"line":13,"column":null}},"7":{"start":{"line":13,"column":21},"end":{"line":13,"column":null}},"8":{"start":{"line":16,"column":4},"end":{"line":53,"column":null}},"9":{"start":{"line":26,"column":37},"end":{"line":26,"column":null}},"10":{"start":{"line":27,"column":20},"end":{"line":49,"column":null}}},"fnMap":{"0":{"name":"(anonymous_0)","decl":{"start":{"line":6,"column":42},"end":{"line":6,"column":48}},"loc":{"start":{"line":6,"column":48},"end":{"line":55,"column":null}},"line":6},"1":{"name":"(anonymous_1)","decl":{"start":{"line":11,"column":20},"end":{"line":11,"column":26}},"loc":{"start":{"line":11,"column":26},"end":{"line":14,"column":7}},"line":11},"2":{"name":"(anonymous_2)","decl":{"start":{"line":12,"column":37},"end":{"line":12,"column":43}},"loc":{"start":{"line":12,"column":43},"end":{"line":12,"column":63}},"line":12},"3":{"name":"(anonymous_3)","decl":{"start":{"line":13,"column":15},"end":{"line":13,"column":21}},"loc":{"start":{"line":13,"column":21},"end":{"line":13,"column":null}},"line":13},"4":{"name":"(anonymous_4)","decl":{"start":{"line":25,"column":33},"end":{"line":25,"column":34}},"loc":{"start":{"line":25,"column":43},"end":{"line":51,"column":17}},"line":25}},"branchMap":{"0":{"loc":{"start":{"line":26,"column":37},"end":{"line":26,"column":null}},"type":"binary-expr","locations":[{"start":{"line":26,"column":37},"end":{"line":26,"column":59}},{"start":{"line":26,"column":59},"end":{"line":26,"column":null}}],"line":26},"1":{"loc":{"start":{"line":30,"column":78},"end":{"line":30,"column":107}},"type":"binary-expr","locations":[{"start":{"line":30,"column":78},"end":{"line":30,"column":92}},{"start":{"line":30,"column":92},"end":{"line":30,"column":107}}],"line":30},"2":{"loc":{"start":{"line":37,"column":36},"end":{"line":46,"column":null}},"type":"cond-expr","locations":[{"start":{"line":38,"column":40},"end":{"line":45,"column":null}},{"start":{"line":46,"column":40},"end":{"line":46,"column":null}}],"line":37}},"s":{"0":1,"1":2,"2":2,"3":2,"4":2,"5":0,"6":2,"7":2,"8":2,"9":2,"10":2},"f":{"0":2,"1":2,"2":0,"3":2,"4":2},"b":{"0":[2,0],"1":[2,0],"2":[0,2]},"meta":{"lastBranch":3,"lastFunction":5,"lastStatement":11,"seen":{"s:6:42:55:Infinity":0,"f:6:42:6:48":0,"s:7:24:7:Infinity":1,"s:8:26:8:Infinity":2,"s:11:4:14:Infinity":3,"f:11:20:11:26":1,"s:12:25:12:Infinity":4,"f:12:37:12:43":2,"s:12:43:12:63":5,"s:13:8:13:Infinity":6,"f:13:15:13:21":3,"s:13:21:13:Infinity":7,"s:16:4:53:Infinity":8,"f:25:33:25:34":4,"s:26:37:26:Infinity":9,"b:26:37:26:59:26:59:26:Infinity":0,"s:27:20:49:Infinity":10,"b:30:78:30:92:30:92:30:107":1,"b:38:40:45:Infinity:46:40:46:Infinity":2}}}
,"C:\\Users\\gbhuv\\Projects\\thecodingplatform\\apps\\client\\src\\components\\OutputPanel.tsx": {"path":"C:\\Users\\gbhuv\\Projects\\thecodingplatform\\apps\\client\\src\\components\\OutputPanel.tsx","statementMap":{"0":{"start":{"line":5,"column":37},"end":{"line":50,"column":null}},"1":{"start":{"line":6,"column":17},"end":{"line":6,"column":null}},"2":{"start":{"line":7,"column":10},"end":{"line":7,"column":null}},"3":{"start":{"line":9,"column":4},"end":{"line":11,"column":null}},"4":{"start":{"line":10,"column":8},"end":{"line":10,"column":null}},"5":{"start":{"line":13,"column":4},"end":{"line":48,"column":null}},"6":{"start":{"line":31,"column":20},"end":{"line":44,"column":null}}},"fnMap":{"0":{"name":"(anonymous_0)","decl":{"start":{"line":5,"column":37},"end":{"line":5,"column":43}},"loc":{"start":{"line":5,"column":43},"end":{"line":50,"column":null}},"line":5},"1":{"name":"(anonymous_1)","decl":{"start":{"line":9,"column":14},"end":{"line":9,"column":20}},"loc":{"start":{"line":9,"column":20},"end":{"line":11,"column":7}},"line":9},"2":{"name":"(anonymous_2)","decl":{"start":{"line":30,"column":26},"end":{"line":30,"column":27}},"loc":{"start":{"line":31,"column":20},"end":{"line":44,"column":null}},"line":31}},"branchMap":{"0":{"loc":{"start":{"line":35,"column":39},"end":{"line":35,"column":null}},"type":"cond-expr","locations":[{"start":{"line":35,"column":63},"end":{"line":35,"column":75}},{"start":{"line":35,"column":75},"end":{"line":35,"column":null}}],"line":35},"1":{"loc":{"start":{"line":35,"column":75},"end":{"line":35,"column":null}},"type":"cond-expr","locations":[{"start":{"line":35,"column":99},"end":{"line":35,"column":111}},{"start":{"line":35,"column":111},"end":{"line":35,"column":null}}],"line":35},"2":{"loc":{"start":{"line":41,"column":59},"end":{"line":41,"column":102}},"type":"cond-expr","locations":[{"start":{"line":41,"column":83},"end":{"line":41,"column":95}},{"start":{"line":41,"column":95},"end":{"line":41,"column":102}}],"line":41}},"s":{"0":1,"1":2,"2":2,"3":2,"4":2,"5":2,"6":3},"f":{"0":2,"1":2,"2":3},"b":{"0":[1,2],"1":[1,1],"2":[1,2]},"meta":{"lastBranch":3,"lastFunction":3,"lastStatement":7,"seen":{"s:5:37:50:Infinity":0,"f:5:37:5:43":0,"s:6:17:6:Infinity":1,"s:7:10:7:Infinity":2,"s:9:4:11:Infinity":3,"f:9:14:9:20":1,"s:10:8:10:Infinity":4,"s:13:4:48:Infinity":5,"f:30:26:30:27":2,"s:31:20:44:Infinity":6,"b:35:63:35:75:35:75:35:Infinity":0,"b:35:99:35:111:35:111:35:Infinity":1,"b:41:83:41:95:41:95:41:102":2}}}
,"C:\\Users\\gbhuv\\Projects\\thecodingplatform\\apps\\client\\src\\pages\\LandingPage.tsx": {"path":"C:\\Users\\gbhuv\\Projects\\thecodingplatform\\apps\\client\\src\\pages\\LandingPage.tsx","statementMap":{"0":{"start":{"line":12,"column":30},"end":{"line":147,"column":null}},"1":{"start":{"line":13,"column":10},"end":{"line":13,"column":null}},"2":{"start":{"line":14,"column":47},"end":{"line":14,"column":null}},"3":{"start":{"line":16,"column":36},"end":{"line":16,"column":null}},"4":{"start":{"line":17,"column":32},"end":{"line":17,"column":null}},"5":{"start":{"line":20,"column":24},"end":{"line":20,"column":null}},"6":{"start":{"line":21,"column":46},"end":{"line":21,"column":null}},"7":{"start":{"line":22,"column":48},"end":{"line":22,"column":null}},"8":{"start":{"line":24,"column":25},"end":{"line":34,"column":null}},"9":{"start":{"line":25,"column":8},"end":{"line":25,"column":null}},"10":{"start":{"line":25,"column":19},"end":{"line":25,"column":null}},"11":{"start":{"line":26,"column":14},"end":{"line":26,"column":null}},"12":{"start":{"line":27,"column":14},"end":{"line":27,"column":null}},"13":{"start":{"line":29,"column":8},"end":{"line":29,"column":null}},"14":{"start":{"line":30,"column":8},"end":{"line":30,"column":null}},"15":{"start":{"line":31,"column":8},"end":{"line":31,"column":null}},"16":{"start":{"line":33,"column":8},"end":{"line":33,"column":null}},"17":{"start":{"line":36,"column":23},"end":{"line":45,"column":null}},"18":{"start":{"line":37,"column":8},"end":{"line":37,"column":null}},"19":{"start":{"line":37,"column":39},"end":{"line":37,"column":null}},"20":{"start":{"line":38,"column":14},"end":{"line":38,"column":null}},"21":{"start":{"line":40,"column":8},"end":{"line":40,"column":null}},"22":{"start":{"line":41,"column":8},"end":{"line":41,"column":null}},"23":{"start":{"line":44,"column":8},"end":{"line":44,"column":null}},"24":{"start":{"line":47,"column":4},"end":{"line":145,"column":null}},"25":{"start":{"line":68,"column":39},"end":{"line":68,"column":null}},"26":{"start":{"line":76,"column":39},"end":{"line":76,"column":null}},"27":{"start":{"line":86,"column":53},"end":{"line":86,"column":75}},"28":{"start":{"line":96,"column":41},"end":{"line":96,"column":null}},"29":{"start":{"line":103,"column":45},"end":{"line":103,"column":null}},"30":{"start":{"line":112,"column":43},"end":{"line":112,"column":65}},"31":{"start":{"line":118,"column":51},"end":{"line":118,"column":71}},"32":{"start":{"line":128,"column":41},"end":{"line":128,"column":null}},"33":{"start":{"line":136,"column":41},"end":{"line":136,"column":null}},"34":{"start":{"line":141,"column":43},"end":{"line":141,"column":63}}},"fnMap":{"0":{"name":"(anonymous_0)","decl":{"start":{"line":12,"column":30},"end":{"line":12,"column":36}},"loc":{"start":{"line":12,"column":36},"end":{"line":147,"column":null}},"line":12},"1":{"name":"(anonymous_1)","decl":{"start":{"line":24,"column":25},"end":{"line":24,"column":31}},"loc":{"start":{"line":24,"column":31},"end":{"line":34,"column":null}},"line":24},"2":{"name":"(anonymous_2)","decl":{"start":{"line":36,"column":23},"end":{"line":36,"column":29}},"loc":{"start":{"line":36,"column":29},"end":{"line":45,"column":null}},"line":36},"3":{"name":"(anonymous_3)","decl":{"start":{"line":68,"column":33},"end":{"line":68,"column":39}},"loc":{"start":{"line":68,"column":39},"end":{"line":68,"column":null}},"line":68},"4":{"name":"(anonymous_4)","decl":{"start":{"line":76,"column":33},"end":{"line":76,"column":39}},"loc":{"start":{"line":76,"column":39},"end":{"line":76,"column":null}},"line":76},"5":{"name":"(anonymous_5)","decl":{"start":{"line":86,"column":47},"end":{"line":86,"column":53}},"loc":{"start":{"line":86,"column":53},"end":{"line":86,"column":75}},"line":86},"6":{"name":"(anonymous_6)","decl":{"start":{"line":96,"column":34},"end":{"line":96,"column":35}},"loc":{"start":{"line":96,"column":41},"end":{"line":96,"column":null}},"line":96},"7":{"name":"(anonymous_7)","decl":{"start":{"line":103,"column":38},"end":{"line":103,"column":39}},"loc":{"start":{"line":103,"column":45},"end":{"line":103,"column":null}},"line":103},"8":{"name":"(anonymous_8)","decl":{"start":{"line":112,"column":37},"end":{"line":112,"column":43}},"loc":{"start":{"line":112,"column":43},"end":{"line":112,"column":65}},"line":112},"9":{"name":"(anonymous_9)","decl":{"start":{"line":118,"column":45},"end":{"line":118,"column":51}},"loc":{"start":{"line":118,"column":51},"end":{"line":118,"column":71}},"line":118},"10":{"name":"(anonymous_10)","decl":{"start":{"line":128,"column":34},"end":{"line":128,"column":35}},"loc":{"start":{"line":128,"column":41},"end":{"line":128,"column":null}},"line":128},"11":{"name":"(anonymous_11)","decl":{"start":{"line":136,"column":34},"end":{"line":136,"column":35}},"loc":{"start":{"line":136,"column":41},"end":{"line":136,"column":null}},"line":136},"12":{"name":"(anonymous_12)","decl":{"start":{"line":141,"column":37},"end":{"line":141,"column":43}},"loc":{"start":{"line":141,"column":43},"end":{"line":141,"column":63}},"line":141}},"branchMap":{"0":{"loc":{"start":{"line":25,"column":8},"end":{"line":25,"column":null}},"type":"if","locations":[{"start":{"line":25,"column":8},"end":{"line":25,"column":null}},{"start":{},"end":{}}],"line":25},"1":{"loc":{"start":{"line":37,"column":8},"end":{"line":37,"column":null}},"type":"if","locations":[{"start":{"line":37,"column":8},"end":{"line":37,"column":null}},{"start":{},"end":{}}],"line":37},"2":{"loc":{"start":{"line":37,"column":12},"end":{"line":37,"column":39}},"type":"binary-expr","locations":[{"start":{"line":37,"column":12},"end":{"line":37,"column":21}},{"start":{"line":37,"column":21},"end":{"line":37,"column":39}}],"line":37}},"s":{"0":1,"1":2,"2":2,"3":2,"4":2,"5":2,"6":2,"7":2,"8":2,"9":0,"10":0,"11":0,"12":0,"13":0,"14":0,"15":0,"16":0,"17":2,"18":0,"19":0,"20":0,"21":0,"22":0,"23":0,"24":2,"25":0,"26":0,"27":0,"28":0,"29":0,"30":0,"31":0,"32":0,"33":0,"34":0},"f":{"0":2,"1":0,"2":0,"3":0,"4":0,"5":0,"6":0,"7":0,"8":0,"9":0,"10":0,"11":0,"12":0},"b":{"0":[0,0],"1":[0,0],"2":[0,0]},"meta":{"lastBranch":3,"lastFunction":13,"lastStatement":35,"seen":{"s:12:30:147:Infinity":0,"f:12:30:12:36":0,"s:13:10:13:Infinity":1,"s:14:47:14:Infinity":2,"s:16:36:16:Infinity":3,"s:17:32:17:Infinity":4,"s:20:24:20:Infinity":5,"s:21:46:21:Infinity":6,"s:22:48:22:Infinity":7,"s:24:25:34:Infinity":8,"f:24:25:24:31":1,"b:25:8:25:Infinity:undefined:undefined:undefined:undefined":0,"s:25:8:25:Infinity":9,"s:25:19:25:Infinity":10,"s:26:14:26:Infinity":11,"s:27:14:27:Infinity":12,"s:29:8:29:Infinity":13,"s:30:8:30:Infinity":14,"s:31:8:31:Infinity":15,"s:33:8:33:Infinity":16,"s:36:23:45:Infinity":17,"f:36:23:36:29":2,"b:37:8:37:Infinity:undefined:undefined:undefined:undefined":1,"s:37:8:37:Infinity":18,"b:37:12:37:21:37:21:37:39":2,"s:37:39:37:Infinity":19,"s:38:14:38:Infinity":20,"s:40:8:40:Infinity":21,"s:41:8:41:Infinity":22,"s:44:8:44:Infinity":23,"s:47:4:145:Infinity":24,"f:68:33:68:39":3,"s:68:39:68:Infinity":25,"f:76:33:76:39":4,"s:76:39:76:Infinity":26,"f:86:47:86:53":5,"s:86:53:86:75":27,"f:96:34:96:35":6,"s:96:41:96:Infinity":28,"f:103:38:103:39":7,"s:103:45:103:Infinity":29,"f:112:37:112:43":8,"s:112:43:112:65":30,"f:118:45:118:51":9,"s:118:51:118:71":31,"f:128:34:128:35":10,"s:128:41:128:Infinity":32,"f:136:34:136:35":11,"s:136:41:136:Infinity":33,"f:141:37:141:43":12,"s:141:43:141:63":34}}}
}
